\BOOKMARK [0][-]{chapter*.2}{\376\377\000W\000s\000t\001\031\000p}{}% 1
\BOOKMARK [0][-]{chapter.1}{\376\377\000M\000e\000t\000o\000d\000y\000k\000a\000\040\000i\000\040\000p\000o\000d\000s\000t\000a\000w\000y\000\040\000t\000e\000o\000r\000e\000t\000y\000c\000z\000n\000e\000\040\000s\000y\000m\000u\000l\000a\000c\000j\000i\000\040\000i\000\040\000w\000i\000z\000u\000a\000l\000i\000z\000a\000c\000j\000i\000\040\000c\000i\000e\000c\000z\000y}{}% 2
\BOOKMARK [1][-]{section.1.1}{\376\377\000P\000o\000r\000\363\000w\000n\000a\000n\000i\000e\000\040\000p\000o\000d\000e\000j\001\133\000c\000i\000a\000\040\000L\000a\000g\000r\000a\000n\000g\000e\000'\000o\000w\000s\000k\000i\000e\000g\000o\000\040\000i\000\040\000E\000u\000l\000e\000r\000o\000w\000s\000k\000i\000e\000g\000o}{chapter.1}% 3
\BOOKMARK [2][-]{subsection.1.1.1}{\376\377\000I\000s\000t\000o\000t\000a\000\040\000p\000o\000d\000e\000j\001\133\000c\000i\000a\000\040\000E\000u\000l\000e\000r\000o\000w\000s\000k\000i\000e\000g\000o}{section.1.1}% 4
\BOOKMARK [2][-]{subsection.1.1.2}{\376\377\000I\000s\000t\000o\000t\000a\000\040\000p\000o\000d\000e\000j\001\133\000c\000i\000a\000\040\000L\000a\000g\000r\000a\000n\000g\000e\000'\000o\000w\000s\000k\000i\000e\000g\000o}{section.1.1}% 5
\BOOKMARK [1][-]{section.1.2}{\376\377\000S\000f\000o\000r\000m\000u\001\102\000o\000w\000a\000n\000i\000e\000\040\000m\000a\000t\000e\000m\000a\000t\000y\000c\000z\000n\000e\000\040\000m\000e\000t\000o\000d\000y\000\040\000c\000z\001\005\000s\000t\000e\000c\000z\000k\000o\000w\000e\000j\000\040\000S\000P\000H\000\040\000i\000\040\000j\000e\000j\000\040\000w\000a\000r\000i\000a\000n\000t\000u\000\040\000D\000F\000S\000P\000H}{chapter.1}% 6
\BOOKMARK [2][-]{subsection.1.2.1}{\376\377\000R\000\363\000w\000n\000a\000n\000i\000a\000\040\000N\000a\000v\000i\000e\000r\000a\000-\000S\000t\000o\000k\000e\000s\000a\000\040\000j\000a\000k\000o\000\040\000f\000u\000n\000d\000a\000m\000e\000n\000t\000\040\000t\000e\000o\000r\000e\000t\000y\000c\000z\000n\000y}{section.1.2}% 7
\BOOKMARK [2][-]{subsection.1.2.2}{\376\377\000I\000n\000t\000e\000r\000p\000o\000l\000a\000c\000j\000a\000\040\000j\001\005\000d\000r\000o\000w\000a\000\040\000i\000\040\000d\000y\000s\000k\000r\000e\000t\000y\000z\000a\000c\000j\000a\000\040\000S\000P\000H}{section.1.2}% 8
\BOOKMARK [2][-]{subsection.1.2.3}{\376\377\000A\000l\000g\000o\000r\000y\000t\000m\000\040\000D\000i\000v\000e\000r\000g\000e\000n\000c\000e\000-\000F\000r\000e\000e\000\040\000S\000P\000H\000\040\000\050\000D\000F\000S\000P\000H\000\051}{section.1.2}% 9
\BOOKMARK [1][-]{section.1.3}{\376\377\000W\000i\000z\000u\000a\000l\000i\000z\000a\000c\000j\000a\000\040\000o\000b\000j\001\031\000t\000o\001\133\000c\000i\000o\000w\000a\000\040\000m\000e\000t\000o\000d\001\005\000\040\000R\000a\000y\000\040\000M\000a\000r\000c\000h\000i\000n\000g}{chapter.1}% 10
\BOOKMARK [0][-]{chapter.2}{\376\377\000P\000r\000z\000e\000g\000l\001\005\000d\000\040\000t\000e\000c\000h\000n\000o\000l\000o\000g\000i\000i\000\040\000i\000\040\001\133\000r\000o\000d\000o\000w\000i\000s\000k\000o\000\040\000p\000r\000o\000g\000r\000a\000m\000i\000s\000t\000y\000c\000z\000n\000e}{}% 11
\BOOKMARK [1][-]{section.2.1}{\376\377\000I\000s\000t\000n\000i\000e\000j\001\005\000c\000e\000\040\000r\000o\000z\000w\000i\001\005\000z\000a\000n\000i\000a\000\040\000s\000y\000m\000u\000l\000a\000c\000j\000i\000\040\000c\000i\000e\000c\000z\000y}{chapter.2}% 12
\BOOKMARK [2][-]{subsection.2.1.1}{\376\377\000S\000y\000m\000u\000l\000a\000c\000j\000a\000\040\000F\000L\000I\000P\000\040\000w\000\040\000p\000r\000o\000g\000r\000a\000m\000i\000e\000\040\000B\000l\000e\000n\000d\000e\000r}{section.2.1}% 13
\BOOKMARK [2][-]{subsection.2.1.2}{\376\377\000S\000y\000m\000u\000l\000a\000c\000j\000a\000\040\000F\000L\000I\000P\000\040\000w\000\040\000s\000i\000l\000n\000i\000k\000u\000\040\000U\000n\000r\000e\000a\000l\000\040\000E\000n\000g\000i\000n\000e\000\040\0005}{section.2.1}% 14
\BOOKMARK [2][-]{subsection.2.1.3}{\376\377\000B\000i\000b\000l\000i\000o\000t\000e\000k\000a\000\040\000S\000P\000l\000i\000s\000H\000S\000P\000l\000a\000s\000H}{section.2.1}% 15
\BOOKMARK [2][-]{subsection.2.1.4}{\376\377\000P\000o\000d\000s\000u\000m\000o\000w\000a\000n\000i\000e\000\040\000r\000o\000z\000w\000i\001\005\000z\000a\001\104\000\040\000i\000\040\000k\000o\000n\000t\000e\000k\000s\000t\000\040\000p\000r\000o\000j\000e\000k\000t\000u}{section.2.1}% 16
\BOOKMARK [1][-]{section.2.2}{\376\377\000J\001\031\000z\000y\000k\000\040\000p\000r\000o\000g\000r\000a\000m\000o\000w\000a\000n\000i\000a\000\040\000R\000u\000s\000t}{chapter.2}% 17
\BOOKMARK [1][-]{section.2.3}{\376\377\000A\000P\000I\000\040\000g\000r\000a\000f\000i\000c\000z\000n\000e\000\040\000V\000u\000l\000k\000a\000n}{chapter.2}% 18
\BOOKMARK [2][-]{subsection.2.3.1}{\376\377\000I\000n\000s\000t\000a\000n\000c\000j\000a\000,\000\040\000u\000r\000z\001\005\000d\000z\000e\000n\000i\000e\000\040\000f\000i\000z\000y\000c\000z\000n\000e\000\040\000i\000\040\000l\000o\000g\000i\000c\000z\000n\000e}{section.2.3}% 19
\BOOKMARK [2][-]{subsection.2.3.2}{\376\377\000K\000o\000l\000e\000j\000k\000i\000\040\000i\000\040\000p\000u\000l\000e\000\040\000p\000o\000l\000e\000c\000e\001\104}{section.2.3}% 20
\BOOKMARK [2][-]{subsection.2.3.3}{\376\377\001\101\000a\001\104\000c\000u\000c\000h\000\040\000w\000y\000m\000i\000a\000n\000y\000\040\000i\000\040\000d\000y\000n\000a\000m\000i\000c\000z\000n\000e\000\040\000r\000e\000n\000d\000e\000r\000o\000w\000a\000n\000i\000e}{section.2.3}% 21
\BOOKMARK [2][-]{subsection.2.3.4}{\376\377\000Z\000a\000s\000o\000b\000y\000:\000\040\000b\000u\000f\000o\000r\000y\000,\000\040\000o\000b\000r\000a\000z\000y\000\040\000i\000\040\000d\000e\000s\000k\000r\000y\000p\000t\000o\000r\000y}{section.2.3}% 22
\BOOKMARK [2][-]{subsection.2.3.5}{\376\377\000P\000o\000t\000o\000k\000\040\000o\000b\000l\000i\000c\000z\000e\000n\000i\000o\000w\000y\000\040\000i\000\040\000g\000r\000a\000f\000i\000c\000z\000n\000y}{section.2.3}% 23
\BOOKMARK [1][-]{section.2.4}{\376\377\000B\000i\000b\000l\000i\000o\000t\000e\000k\000a\000\040\000V\000u\000l\000k\000a\000n\000o}{chapter.2}% 24
\BOOKMARK [1][-]{section.2.5}{\376\377\000N\000a\000r\000z\001\031\000d\000z\000i\000a\000\040\000p\000r\000o\000g\000r\000a\000m\000i\000s\000t\000y\000c\000z\000n\000e}{chapter.2}% 25
\BOOKMARK [2][-]{subsection.2.5.1}{\376\377\000T\000r\000a\000c\000y\000\040\000P\000r\000o\000f\000i\000l\000e\000r}{section.2.5}% 26
\BOOKMARK [2][-]{subsection.2.5.2}{\376\377\000R\000e\000n\000d\000e\000r\000D\000o\000c}{section.2.5}% 27
\BOOKMARK [1][-]{section.2.6}{\376\377\000W\000y\000b\000\363\000r\000\040\000f\000u\000n\000k\000c\000j\000i\000\040\000w\000y\000g\001\102\000a\000d\000z\000a\000j\001\005\000c\000e\000j}{chapter.2}% 28
\BOOKMARK [2][-]{subsection.2.6.1}{\376\377\000S\000z\000e\001\133\000c\000i\000e\000n\000n\000a\000\040\000f\000u\000n\000k\000c\000j\000a\000\040\000s\000k\000l\000e\000j\000a\000n\000a}{section.2.6}% 29
\BOOKMARK [2][-]{subsection.2.6.2}{\376\377\000F\000u\000n\000k\000c\000j\000a\000\040\000W\000e\000n\000d\000l\000a\000n\000d\000a\000\040\000C\0002}{section.2.6}% 30
\BOOKMARK [2][-]{subsection.2.6.3}{\376\377\000D\000o\000b\000\363\000r\000\040\000j\001\005\000d\000r\000a\000\040\000d\000l\000a\000\040\000s\000o\000l\000v\000e\000r\000a\000\040\000D\000F\000S\000P\000H}{section.2.6}% 31
\BOOKMARK [1][-]{section.2.7}{\376\377\000W\000y\000s\000z\000u\000k\000i\000w\000a\000n\000i\000e\000\040\000s\001\005\000s\000i\000e\000d\000z\000t\000w\000a\000\040\000c\000z\001\005\000s\000t\000e\000c\000z\000e\000k}{chapter.2}% 32
\BOOKMARK [2][-]{subsection.2.7.1}{\376\377\000S\000i\000a\000t\000k\000a\000\040\000h\000a\000s\000z\000u\000j\001\005\000c\000a\000\040\000w\000e\000d\001\102\000u\000g\000\040\000S\000i\000m\000o\000n\000a\000\040\000G\000r\000e\000e\000n\000a}{section.2.7}% 33
\BOOKMARK [2][-]{subsection.2.7.2}{\376\377\000S\000k\000o\000m\000p\000r\000e\000s\000o\000w\000a\000n\000e\000\040\000l\000i\000s\000t\000y\000\040\000s\001\005\000s\000i\000e\000d\000z\000t\000w\000a\000\040\000j\000a\000k\000o\000\040\000a\000l\000t\000e\000r\000n\000a\000t\000y\000w\000a}{section.2.7}% 34
\BOOKMARK [1][-]{section.2.8}{\376\377\000M\000o\000d\000e\000l\000o\000w\000a\000n\000i\000e\000\040\000z\000j\000a\000w\000i\000s\000k\000\040\000f\000i\000z\000y\000c\000z\000n\000y\000c\000h}{chapter.2}% 35
\BOOKMARK [2][-]{subsection.2.8.1}{\376\377\000L\000e\000p\000k\000o\001\133\001\007}{section.2.8}% 36
\BOOKMARK [2][-]{subsection.2.8.2}{\376\377\000N\000a\000p\000i\001\031\000c\000i\000e\000\040\000p\000o\000w\000i\000e\000r\000z\000c\000h\000n\000i\000o\000w\000e}{section.2.8}% 37
\BOOKMARK [2][-]{subsection.2.8.3}{\376\377\000W\000a\000r\000u\000n\000k\000i\000\040\000b\000r\000z\000e\000g\000o\000w\000e}{section.2.8}% 38
\BOOKMARK [1][-]{section.2.9}{\376\377\000P\000o\000t\000o\000k\000\040\000w\000i\000z\000u\000a\000l\000i\000z\000a\000c\000j\000i}{chapter.2}% 39
\BOOKMARK [2][-]{subsection.2.9.1}{\376\377\000R\000e\000k\000o\000n\000s\000t\000r\000u\000k\000c\000j\000a\000\040\000p\000o\000l\000a\000\040\000g\001\031\000s\000t\000o\001\133\000c\000i}{section.2.9}% 40
\BOOKMARK [2][-]{subsection.2.9.2}{\376\377\000R\000a\000y\000m\000a\000r\000c\000h\000i\000n\000g\000\040\000i\000z\000o\000p\000o\000w\000i\000e\000r\000z\000c\000h\000n\000i}{section.2.9}% 41
\BOOKMARK [2][-]{subsection.2.9.3}{\376\377\000M\000o\000d\000e\000l\000\040\000o\000p\000t\000y\000c\000z\000n\000y\000\040\000c\000i\000e\000c\000z\000y}{section.2.9}% 42
\BOOKMARK [0][-]{chapter.3}{\376\377\000I\000m\000p\000l\000e\000m\000e\000n\000t\000a\000c\000j\000a\000\040\000i\000\040\000o\000r\000y\000g\000i\000n\000a\000l\000n\000e\000\040\000r\000o\000z\000w\000i\001\005\000z\000a\000n\000i\000a\000\040\000t\000e\000c\000h\000n\000i\000c\000z\000n\000e}{}% 43
\BOOKMARK [1][-]{section.3.1}{\376\377\000Z\000a\001\102\000o\001\174\000e\000n\000i\000a\000\040\000p\000r\000o\000j\000e\000k\000t\000o\000w\000e}{chapter.3}% 44
\BOOKMARK [1][-]{section.3.2}{\376\377\000P\000r\000e\000z\000e\000n\000t\000a\000c\000j\000a\000\040\000a\000p\000l\000i\000k\000a\000c\000j\000i}{chapter.3}% 45
\BOOKMARK [1][-]{section.3.3}{\376\377\000A\000r\000c\000h\000i\000t\000e\000k\000t\000u\000r\000a\000\040\000s\000y\000s\000t\000e\000m\000u}{chapter.3}% 46
\BOOKMARK [1][-]{section.3.4}{\376\377\000W\000a\000r\000s\000t\000w\000a\000\040\000a\000p\000l\000i\000k\000a\000c\000j\000i}{chapter.3}% 47
\BOOKMARK [2][-]{subsection.3.4.1}{\376\377\000Z\000a\000r\000z\001\005\000d\000z\000a\000n\000i\000e\000\040\000o\000k\000n\000e\000m}{section.3.4}% 48
\BOOKMARK [2][-]{subsection.3.4.2}{\376\377\000K\000a\000m\000e\000r\000a}{section.3.4}% 49
\BOOKMARK [2][-]{subsection.3.4.3}{\376\377\000S\000c\000e\000n\000a\000\040\000i\000\040\000p\000a\000r\000a\000m\000e\000t\000r\000y\000\040\000s\000y\000m\000u\000l\000a\000c\000j\000i}{section.3.4}% 50
\BOOKMARK [1][-]{section.3.5}{\376\377\000I\000n\000i\000c\000j\000a\000l\000i\000z\000a\000c\000j\000a\000\040\000G\000P\000U\000\040\000z\000\040\000V\000u\000l\000k\000a\000n\000o}{chapter.3}% 51
\BOOKMARK [2][-]{subsection.3.5.1}{\376\377\000K\000o\000n\000t\000e\000k\000s\000t\000\040\000V\000u\000l\000k\000a\000n}{section.3.5}% 52
\BOOKMARK [2][-]{subsection.3.5.2}{\376\377\000W\000z\000o\000r\000z\000e\000c\000\040\000C\000o\000m\000p\000u\000t\000e\000S\000t\000e\000p}{section.3.5}% 53
\BOOKMARK [2][-]{subsection.3.5.3}{\376\377\000D\000e\000s\000k\000r\000y\000p\000t\000o\000r\000y\000\040\000i\000\040\000s\000y\000n\000c\000h\000r\000o\000n\000i\000z\000a\000c\000j\000a}{section.3.5}% 54
\BOOKMARK [1][-]{section.3.6}{\376\377\000S\000t\000r\000u\000k\000t\000u\000r\000y\000\040\000d\000a\000n\000y\000c\000h\000\040\000c\000z\001\005\000s\000t\000e\000k}{chapter.3}% 55
\BOOKMARK [2][-]{subsection.3.6.1}{\376\377\000O\000r\000g\000a\000n\000i\000z\000a\000c\000j\000a\000\040\000d\000a\000n\000y\000c\000h\000:\000\040\000A\000O\000S\000\040\000i\000\040\000S\000O\000A}{section.3.6}% 56
\BOOKMARK [2][-]{subsection.3.6.2}{\376\377\000B\000u\000f\000o\000r\000y\000\040\000c\000z\001\005\000s\000t\000e\000k\000\040\000n\000a\000\040\000G\000P\000U}{section.3.6}% 57
\BOOKMARK [1][-]{section.3.7}{\376\377\000W\000y\000s\000z\000u\000k\000i\000w\000a\000n\000i\000e\000\040\000s\001\005\000s\000i\000a\000d\000\363\000w}{chapter.3}% 58
\BOOKMARK [2][-]{subsection.3.7.1}{\376\377\000H\000a\000s\000z\000o\000w\000a\000n\000i\000e\000\040\000p\000r\000z\000e\000s\000t\000r\000z\000e\000n\000n\000e}{section.3.7}% 59
\BOOKMARK [2][-]{subsection.3.7.2}{\376\377\000P\000o\000t\000o\000k\000\040\000w\000y\000s\000z\000u\000k\000i\000w\000a\000n\000i\000a}{section.3.7}% 60
\BOOKMARK [1][-]{section.3.8}{\376\377\000S\000o\000r\000t\000o\000w\000a\000n\000i\000e\000\040\000n\000a\000\040\000G\000P\000U}{chapter.3}% 61
\BOOKMARK [2][-]{subsection.3.8.1}{\376\377\000S\000o\000r\000t\000o\000w\000a\000n\000i\000e\000\040\000b\000i\000t\000o\000n\000i\000c\000z\000n\000e}{section.3.8}% 62
\BOOKMARK [2][-]{subsection.3.8.2}{\376\377\000S\000o\000r\000t\000o\000w\000a\000n\000i\000e\000\040\000p\000o\000z\000y\000c\000y\000j\000n\000e}{section.3.8}% 63
\BOOKMARK [2][-]{subsection.3.8.3}{\376\377\000P\000o\000r\000\363\000w\000n\000a\000n\000i\000e\000\040\000a\000l\000g\000o\000r\000y\000t\000m\000\363\000w}{section.3.8}% 64
\BOOKMARK [1][-]{section.3.9}{\376\377\000S\000o\000l\000v\000e\000r\000\040\000D\000F\000S\000P\000H}{chapter.3}% 65
\BOOKMARK [2][-]{subsection.3.9.1}{\376\377\000P\001\031\000t\000l\000a\000\040\000s\000u\000b\000s\000t\000e\000p\000\363\000w}{section.3.9}% 66
\BOOKMARK [2][-]{subsection.3.9.2}{\376\377\000O\000b\000l\000i\000c\000z\000a\000n\000i\000e\000\040\000g\001\031\000s\000t\000o\001\133\000c\000i}{section.3.9}% 67
\BOOKMARK [2][-]{subsection.3.9.3}{\376\377\000K\000o\000r\000e\000k\000c\000j\000a\000\040\000g\001\031\000s\000t\000o\001\133\000c\000i}{section.3.9}% 68
\BOOKMARK [2][-]{subsection.3.9.4}{\376\377\000K\000o\000r\000e\000k\000c\000j\000a\000\040\000d\000y\000w\000e\000r\000g\000e\000n\000c\000j\000i}{section.3.9}% 69
\BOOKMARK [2][-]{subsection.3.9.5}{\376\377\000W\000a\000r\000u\000n\000e\000k\000\040\000C\000F\000L\000\040\000i\000\040\000d\000o\000b\000\363\000r\000\040\000D\000e\000l\000t\000a\000\040\000t}{section.3.9}% 70
\BOOKMARK [1][-]{section.3.10}{\376\377\000S\000i\001\102\000y\000\040\000f\000i\000z\000y\000c\000z\000n\000e}{chapter.3}% 71
\BOOKMARK [2][-]{subsection.3.10.1}{\376\377\000L\000e\000p\000k\000o\001\133\001\007\000\040\000X\000S\000P\000H}{section.3.10}% 72
\BOOKMARK [2][-]{subsection.3.10.2}{\376\377\000O\000b\000s\001\102\000u\000g\000a\000\040\000k\000o\000l\000i\000z\000j\000i}{section.3.10}% 73
\BOOKMARK [1][-]{section.3.11}{\376\377\000W\000i\000z\000u\000a\000l\000i\000z\000a\000c\000j\000a}{chapter.3}% 74
\BOOKMARK [2][-]{subsection.3.11.1}{\376\377\000S\000p\000l\000a\000t\000o\000w\000a\000n\000i\000e\000\040\000g\001\031\000s\000t\000o\001\133\000c\000i\000\040\000d\000o\000\040\000t\000e\000k\000s\000t\000u\000r\000y\000\040\0003\000D}{section.3.11}% 75
\BOOKMARK [2][-]{subsection.3.11.2}{\376\377\000R\000a\000y\000\040\000M\000a\000r\000c\000h\000i\000n\000g}{section.3.11}% 76
\BOOKMARK [2][-]{subsection.3.11.3}{\376\377\000M\000o\000d\000e\000l\000\040\000o\001\133\000w\000i\000e\000t\000l\000e\000n\000i\000a}{section.3.11}% 77
\BOOKMARK [2][-]{subsection.3.11.4}{\376\377\001\132\000r\000o\000d\000o\000w\000i\000s\000k\000o\000\040\000H\000D\000R\000I}{section.3.11}% 78
\BOOKMARK [0][-]{chapter*.63}{\376\377\000P\000o\000d\000s\000u\000m\000o\000w\000a\000n\000i\000e}{}% 79
\BOOKMARK [0][-]{chapter*.63}{\376\377\000S\000p\000i\000s\000\040\000r\000y\000s\000u\000n\000k\000\363\000w}{}% 80
\BOOKMARK [0][-]{chapter*.64}{\376\377\000B\000i\000b\000l\000i\000o\000g\000r\000a\000f\000i\000a}{}% 81
